f:\work\2016code\cablemonitor\cablemonitor\x64\debug\vc120.pdb
f:\work\2016code\cablemonitor\cablemonitor\x64\debug\wirenetwidget.obj
f:\work\2016code\cablemonitor\cablemonitor\x64\debug\pushbutton.obj
f:\work\2016code\cablemonitor\cablemonitor\x64\debug\titlewidget.obj
f:\work\2016code\cablemonitor\cablemonitor\x64\debug\tabwidget.obj
f:\work\2016code\cablemonitor\cablemonitor\x64\debug\mainform.obj
f:\work\2016code\cablemonitor\cablemonitor\x64\debug\basewindow.obj
f:\work\2016code\cablemonitor\cablemonitor\x64\debug\main.obj
f:\work\2016code\cablemonitor\cablemonitor\x64\debug\moc_titlewidget.obj
f:\work\2016code\cablemonitor\cablemonitor\x64\debug\moc_tabwidget.obj
f:\work\2016code\cablemonitor\cablemonitor\x64\debug\moc_pushbutton.obj
f:\work\2016code\cablemonitor\cablemonitor\x64\debug\moc_mainform.obj
f:\work\2016code\cablemonitor\cablemonitor\x64\debug\moc_controlpanel.obj
f:\work\2016code\cablemonitor\cablemonitor\x64\debug\moc_cablemonitor.obj
f:\work\2016code\cablemonitor\cablemonitor\x64\debug\moc_basewindow.obj
f:\work\2016code\cablemonitor\cablemonitor\x64\debug\cablemonitor.obj
f:\work\2016code\cablemonitor\cablemonitor\generatedfiles\debug\moc_cablemonitor.cpp
f:\work\2016code\cablemonitor\cablemonitor\generatedfiles\ui_cablemonitor.h
f:\work\2016code\cablemonitor\cablemonitor\generatedfiles\debug\moc_controlpanel.cpp
f:\work\2016code\cablemonitor\cablemonitor\generatedfiles\debug\moc_tabwidget.cpp
f:\work\2016code\cablemonitor\cablemonitor\generatedfiles\debug\moc_pushbutton.cpp
f:\work\2016code\cablemonitor\cablemonitor\generatedfiles\debug\moc_titlewidget.cpp
f:\work\2016code\cablemonitor\cablemonitor\generatedfiles\debug\moc_basewindow.cpp
f:\work\2016code\cablemonitor\cablemonitor\generatedfiles\debug\moc_mainform.cpp
f:\work\2016code\cablemonitor\cablemonitor\generatedfiles\qrc_cablemonitor.cpp
f:\work\2016code\cablemonitor\cablemonitor\x64\debug\cablemonitor.tlog\cl.command.1.tlog
f:\work\2016code\cablemonitor\cablemonitor\x64\debug\cablemonitor.tlog\cl.read.1.tlog
f:\work\2016code\cablemonitor\cablemonitor\x64\debug\cablemonitor.tlog\cl.write.1.tlog
f:\work\2016code\cablemonitor\cablemonitor\x64\debug\cablemonitor.tlog\custombuild.command.1.tlog
f:\work\2016code\cablemonitor\cablemonitor\x64\debug\cablemonitor.tlog\custombuild.read.1.tlog
f:\work\2016code\cablemonitor\cablemonitor\x64\debug\cablemonitor.tlog\custombuild.write.1.tlog
